This is pdfTeX, Version 3.14159265-2.6-1.40.16 (TeX Live 2015) (preloaded format=pdflatex 2016.7.8)  21 NOV 2016 17:27
entering extended mode
 restricted \write18 enabled.
 %&-line parsing enabled.
**&pdflatex prv_blank.ini \nonstopmode\nofiles\PassOptionsToPackage{active,tigh
tpage,auctex}{preview}\AtBeginDocument{\ifx\ifPreview\undefined\RequirePackage[
displaymath,floats,graphics,textmath,sections,footnotes]{preview}[2004/11/05]\f
i} \input blank.tex
(./prv_blank.ini
LaTeX2e <2015/01/01>
Babel <3.9l> and hyphenation patterns for 79 languages loaded.
(/usr/local/texlive/2015/texmf-dist/tex/latex/carlisle/mylatex.ltx)
(/usr/local/texlive/2015/texmf-dist/tex/latex/tools/.tex File ignored))
No auxiliary output files.

(./blank.tex (./mnras.cls
Document Class: mnras 2015/05/22\ v3.0\ LaTeX2e MNRAS document class
MNRAS document style v3.0, released 2015/05/22

Package mnras Warning: Unknown option `a4paper' on input line 113.

(/usr/local/texlive/2015/texmf-dist/tex/latex/geometry/geometry.sty
Package: geometry 2010/09/12 v5.6 Page Geometry

(/usr/local/texlive/2015/texmf-dist/tex/latex/graphics/keyval.sty
Package: keyval 2014/10/28 v1.15 key=value parser (DPC)
\KV@toks@=\toks14
)
(/usr/local/texlive/2015/texmf-dist/tex/generic/oberdiek/ifpdf.sty
Package: ifpdf 2011/01/30 v2.3 Provides the ifpdf switch (HO)
Package ifpdf Info: pdfTeX in PDF mode is detected.
)
(/usr/local/texlive/2015/texmf-dist/tex/generic/oberdiek/ifvtex.sty
Package: ifvtex 2010/03/01 v1.5 Detect VTeX and its facilities (HO)
Package ifvtex Info: VTeX not detected.
)
(/usr/local/texlive/2015/texmf-dist/tex/generic/ifxetex/ifxetex.sty
Package: ifxetex 2010/09/12 v0.6 Provides ifxetex conditional
)
\Gm@cnth=\count79
\Gm@cntv=\count80
\c@Gm@tempcnt=\count81
\Gm@bindingoffset=\dimen102
\Gm@wd@mp=\dimen103
\Gm@odd@mp=\dimen104
\Gm@even@mp=\dimen105
\Gm@layoutwidth=\dimen106
\Gm@layoutheight=\dimen107
\Gm@layouthoffset=\dimen108
\Gm@layoutvoffset=\dimen109
\Gm@dimlist=\toks15
)
(/usr/local/texlive/2015/texmf-dist/tex/latex/base/fixltx2e.sty
Package: fixltx2e 2015/02/21 v2.0a fixes to LaTeX (obsolete)


Package fixltx2e Warning: fixltx2e is not required with releases after 2015
(fixltx2e)                All fixes are now in the LaTeX kernel.
(fixltx2e)                See the latexrelease package for details.

) (/usr/local/texlive/2015/texmf-dist/tex/latex/hyperref/hyperref.sty
Package: hyperref 2012/11/06 v6.83m Hypertext links for LaTeX

(/usr/local/texlive/2015/texmf-dist/tex/generic/oberdiek/hobsub-hyperref.sty
Package: hobsub-hyperref 2012/05/28 v1.13 Bundle oberdiek, subset hyperref (HO)


(/usr/local/texlive/2015/texmf-dist/tex/generic/oberdiek/hobsub-generic.sty
Package: hobsub-generic 2012/05/28 v1.13 Bundle oberdiek, subset generic (HO)
Package: hobsub 2012/05/28 v1.13 Construct package bundles (HO)
Package: infwarerr 2010/04/08 v1.3 Providing info/warning/error messages (HO)
Package: ltxcmds 2011/11/09 v1.22 LaTeX kernel commands for general use (HO)
Package: ifluatex 2010/03/01 v1.3 Provides the ifluatex switch (HO)
Package ifluatex Info: LuaTeX not detected.
Package hobsub Info: Skipping package `ifvtex' (already loaded).
Package: intcalc 2007/09/27 v1.1 Expandable calculations with integers (HO)
Package hobsub Info: Skipping package `ifpdf' (already loaded).
Package: etexcmds 2011/02/16 v1.5 Avoid name clashes with e-TeX commands (HO)
Package etexcmds Info: Could not find \expanded.
(etexcmds)             That can mean that you are not using pdfTeX 1.50 or
(etexcmds)             that some package has redefined \expanded.
(etexcmds)             In the latter case, load this package earlier.
Package: kvsetkeys 2012/04/25 v1.16 Key value parser (HO)
Package: kvdefinekeys 2011/04/07 v1.3 Define keys (HO)
Package: pdftexcmds 2011/11/29 v0.20 Utility functions of pdfTeX for LuaTeX (HO
)
Package pdftexcmds Info: LuaTeX not detected.
Package pdftexcmds Info: \pdf@primitive is available.
Package pdftexcmds Info: \pdf@ifprimitive is available.
Package pdftexcmds Info: \pdfdraftmode found.
Package: pdfescape 2011/11/25 v1.13 Implements pdfTeX's escape features (HO)
Package: bigintcalc 2012/04/08 v1.3 Expandable calculations on big integers (HO
)
Package: bitset 2011/01/30 v1.1 Handle bit-vector datatype (HO)
Package: uniquecounter 2011/01/30 v1.2 Provide unlimited unique counter (HO)
)
Package hobsub Info: Skipping package `hobsub' (already loaded).
Package: letltxmacro 2010/09/02 v1.4 Let assignment for LaTeX macros (HO)
Package: hopatch 2012/05/28 v1.2 Wrapper for package hooks (HO)
Package: xcolor-patch 2011/01/30 xcolor patch
Package: atveryend 2011/06/30 v1.8 Hooks at the very end of document (HO)
Package atveryend Info: \enddocument detected (standard20110627).
Package: atbegshi 2011/10/05 v1.16 At begin shipout hook (HO)
Package: refcount 2011/10/16 v3.4 Data extraction from label references (HO)
Package: hycolor 2011/01/30 v1.7 Color options for hyperref/bookmark (HO)
)
(/usr/local/texlive/2015/texmf-dist/tex/latex/oberdiek/auxhook.sty
Package: auxhook 2011/03/04 v1.3 Hooks for auxiliary files (HO)


Package auxhook Warning: Cannot patch \document,
(auxhook)                using \AtBeginDocument instead.

) (/usr/local/texlive/2015/texmf-dist/tex/latex/oberdiek/kvoptions.sty
Package: kvoptions 2011/06/30 v3.11 Key value format for package options (HO)
)
\@linkdim=\dimen110
\Hy@linkcounter=\count82
\Hy@pagecounter=\count83

(/usr/local/texlive/2015/texmf-dist/tex/latex/hyperref/pd1enc.def
File: pd1enc.def 2012/11/06 v6.83m Hyperref: PDFDocEncoding definition (HO)
)
\Hy@SavedSpaceFactor=\count84

(/usr/local/texlive/2015/texmf-dist/tex/latex/latexconfig/hyperref.cfg
File: hyperref.cfg 2002/06/06 v1.2 hyperref configuration of TeXLive
)
Package hyperref Info: Hyper figures OFF on input line 4443.
Package hyperref Info: Link nesting OFF on input line 4448.
Package hyperref Info: Hyper index ON on input line 4451.
Package hyperref Info: Plain pages OFF on input line 4458.
Package hyperref Info: Backreferencing OFF on input line 4463.
Package hyperref Info: Implicit mode ON; LaTeX internals redefined.
Package hyperref Info: Bookmarks ON on input line 4688.
\c@Hy@tempcnt=\count85

(/usr/local/texlive/2015/texmf-dist/tex/latex/url/url.sty
\Urlmuskip=\muskip10
Package: url 2013/09/16  ver 3.4  Verb mode for urls, etc.
)
LaTeX Info: Redefining \url on input line 5041.
\XeTeXLinkMargin=\dimen111
\Fld@menulength=\count86
\Field@Width=\dimen112
\Fld@charsize=\dimen113
Package hyperref Info: Hyper figures OFF on input line 6295.
Package hyperref Info: Link nesting OFF on input line 6300.
Package hyperref Info: Hyper index ON on input line 6303.
Package hyperref Info: backreferencing OFF on input line 6310.
Package hyperref Info: Link coloring OFF on input line 6315.
Package hyperref Info: Link coloring with OCG OFF on input line 6320.
Package hyperref Info: PDF/A mode OFF on input line 6325.
LaTeX Info: Redefining \ref on input line 6365.
LaTeX Info: Redefining \pageref on input line 6369.


Package hyperref Warning: Option `pdfpagelabels' is turned off
(hyperref)                because \thepage is undefined.

\c@Item=\count87
\c@Hfootnote=\count88
)

Package hyperref Message: Driver (autodetected): hpdftex.

(/usr/local/texlive/2015/texmf-dist/tex/latex/hyperref/hpdftex.def
File: hpdftex.def 2012/11/06 v6.83m Hyperref driver for pdfTeX
\Fld@listcount=\count89
\c@bookmark@seq@number=\count90

(/usr/local/texlive/2015/texmf-dist/tex/latex/oberdiek/rerunfilecheck.sty
Package: rerunfilecheck 2011/04/15 v1.7 Rerun checks for auxiliary files (HO)
Package uniquecounter Info: New unique counter `rerunfilecheck' on input line 2
82.
)
\Hy@SectionHShift=\skip41
)
Package hyperref Info: Option `colorlinks' set `true' on input line 123.
\math@groups=\toks16
LaTeX Font Info:    Overwriting symbol font `symbols' in version `bold'
(Font)                  OMS/cmsy/b/n --> OMS/cmsy/b/n on input line 276.
\symbmisymbols=\mathgroup4
\SFB@measure=\dimen114
\realparindent=\skip42
\c@part=\count91
\c@section=\count92
\c@subsection=\count93
\c@subsubsection=\count94
\c@paragraph=\count95
\c@subparagraph=\count96
\@indentskip=\skip43
\smallindent=\skip44
\@footindent=\skip45
\@leftskip=\skip46

(/usr/local/texlive/2015/texmf-dist/tex/latex/natbib/natbib.sty
Package: natbib 2010/09/13 8.31b (PWD, AO)
\bibhang=\skip47
\bibsep=\skip48
LaTeX Info: Redefining \cite on input line 694.


! LaTeX Error: \makeindex undefined.

See the LaTeX manual or LaTeX Companion for explanation.
Type  H <return>  for immediate help.
 ...                                              
                                                  
l.795 \renewcommand\makeindex
                             {\NAT@makeindex
Try typing  <return>  to proceed.
If that doesn't work, type  X <return>  to quit.

\c@NAT@ctr=\count97
)
\c@table=\count98
\c@figure=\count99
) (/usr/local/texlive/2015/texmf-dist/tex/latex/graphics/graphicx.sty
Package: graphicx 2014/10/28 v1.0g Enhanced LaTeX Graphics (DPC,SPQR)

(/usr/local/texlive/2015/texmf-dist/tex/latex/graphics/graphics.sty
Package: graphics 2014/10/28 v1.0p Standard LaTeX Graphics (DPC,SPQR)

(/usr/local/texlive/2015/texmf-dist/tex/latex/graphics/trig.sty
Package: trig 1999/03/16 v1.09 sin cos tan (DPC)
)
(/usr/local/texlive/2015/texmf-dist/tex/latex/latexconfig/graphics.cfg
File: graphics.cfg 2010/04/23 v1.9 graphics configuration of TeX Live
)
Package graphics Info: Driver file: pdftex.def on input line 94.

(/usr/local/texlive/2015/texmf-dist/tex/latex/pdftex-def/pdftex.def
File: pdftex.def 2011/05/27 v0.06d Graphics/color for pdfTeX
\Gread@gobject=\count100
))
\Gin@req@height=\dimen115
\Gin@req@width=\dimen116
)
(/usr/local/texlive/2015/texmf-dist/tex/latex/amsmath/amsmath.sty
Package: amsmath 2013/01/14 v2.14 AMS math features
\@mathmargin=\skip49

For additional information on amsmath, use the `?' option.
(/usr/local/texlive/2015/texmf-dist/tex/latex/amsmath/amstext.sty
Package: amstext 2000/06/29 v2.01

(/usr/local/texlive/2015/texmf-dist/tex/latex/amsmath/amsgen.sty
File: amsgen.sty 1999/11/30 v2.0
\@emptytoks=\toks17
\ex@=\dimen117
))
(/usr/local/texlive/2015/texmf-dist/tex/latex/amsmath/amsbsy.sty
Package: amsbsy 1999/11/29 v1.2d
\pmbraise@=\dimen118
)
(/usr/local/texlive/2015/texmf-dist/tex/latex/amsmath/amsopn.sty
Package: amsopn 1999/12/14 v2.01 operator names
)
\inf@bad=\count101
LaTeX Info: Redefining \frac on input line 210.
\uproot@=\count102
\leftroot@=\count103
LaTeX Info: Redefining \overline on input line 306.
\classnum@=\count104
\DOTSCASE@=\count105
LaTeX Info: Redefining \ldots on input line 378.
LaTeX Info: Redefining \dots on input line 381.
LaTeX Info: Redefining \cdots on input line 466.
\Mathstrutbox@=\box26
\strutbox@=\box27
\big@size=\dimen119
LaTeX Font Info:    Redeclaring font encoding OML on input line 566.
LaTeX Font Info:    Redeclaring font encoding OMS on input line 567.
\macc@depth=\count106
\c@MaxMatrixCols=\count107
\dotsspace@=\muskip11
\c@parentequation=\count108
\dspbrk@lvl=\count109
\tag@help=\toks18
\row@=\count110
\column@=\count111
\maxfields@=\count112
\andhelp@=\toks19
\eqnshift@=\dimen120
\alignsep@=\dimen121
\tagshift@=\dimen122
\tagwidth@=\dimen123
\totwidth@=\dimen124
\lineht@=\dimen125
\@envbody=\toks20
\multlinegap=\skip50
\multlinetaggap=\skip51
\mathdisplay@stack=\toks21
LaTeX Info: Redefining \[ on input line 2665.
LaTeX Info: Redefining \] on input line 2666.
)
(/usr/local/texlive/2015/texmf-dist/tex/latex/amsfonts/amssymb.sty
Package: amssymb 2013/01/14 v3.01 AMS font symbols

(/usr/local/texlive/2015/texmf-dist/tex/latex/amsfonts/amsfonts.sty
Package: amsfonts 2013/01/14 v3.01 Basic AMSFonts support
\symAMSa=\mathgroup5
\symAMSb=\mathgroup6
LaTeX Font Info:    Overwriting math alphabet `\mathfrak' in version `bold'
(Font)                  U/euf/m/n --> U/euf/b/n on input line 106.
))
(/usr/local/texlive/2015/texmf-dist/tex/latex/tools/bm.sty
Package: bm 2014/10/28 v1.1c Bold Symbol Support (DPC/FMi)
\symboldoperators=\mathgroup7
\symboldletters=\mathgroup8
\symboldsymbols=\mathgroup9
LaTeX Font Info:    Redeclaring math alphabet \mathbf on input line 141.
LaTeX Info: Redefining \bm on input line 207.
)
LaTeX Font Info:    Try loading font information for U+msa on input line 37.

(/usr/local/texlive/2015/texmf-dist/tex/latex/amsfonts/umsa.fd
File: umsa.fd 2013/01/14 v3.01 AMS symbols A
)
LaTeX Font Info:    Try loading font information for U+msb on input line 37.

(/usr/local/texlive/2015/texmf-dist/tex/latex/amsfonts/umsb.fd
File: umsb.fd 2013/01/14 v3.01 AMS symbols B
) )
Beginning to dump on file prv_blank.fmt
 (preloaded format=prv_blank 2016.11.21)
13384 strings of total length 205361
182446 memory locations dumped; current usage is 271&181395
9907 multiletter control sequences
\font\nullfont=nullfont
\font\OMX/cmex/m/n/10=cmex10
\font\tenln=line10
\font\tenlnw=linew10
\font\tencirc=lcircle10
\font\tencircw=lcirclew10
\font\OT1/cmr/m/n/5=cmr5
\font\OT1/cmr/m/n/7=cmr7
\font\OT1/cmr/m/n/10=cmr10
\font\OML/cmm/m/it/5=cmmi5
\font\OML/cmm/m/it/7=cmmi7
\font\OML/cmm/m/it/10=cmmi10
\font\OMS/cmsy/m/n/5=cmsy5
\font\OMS/cmsy/m/n/7=cmsy7
\font\OMS/cmsy/m/n/10=cmsy10
\font\OT1/cmr/m/n/9=cmr9
\font\OT1/cmss/m/n/17.28=cmss17
\font\OT1/cmss/m/sl/17.28=cmssi17
\font\OT1/cmr/m/n/6=cmr6
\font\OML/cmm/m/it/9=cmmi9
\font\OML/cmm/m/it/6=cmmi6
\font\OMS/cmsy/m/n/9=cmsy9
\font\OMS/cmsy/m/n/6=cmsy6
\font\OMX/cmex/m/n/9=cmex9
\font\OMX/cmex/m/n/6=cmex7 at 6.0pt
\font\OMX/cmex/m/n/5=cmex7 at 5.0pt
\font\OML/cmm/b/it/9=cmmib9
\font\OML/cmm/b/it/6=cmmib6
\font\OML/cmm/b/it/5=cmmib5
\font\U/msa/m/n/9=msam10 at 9.0pt
\font\U/msa/m/n/6=msam7 at 6.0pt
\font\U/msa/m/n/5=msam5
\font\U/msb/m/n/9=msbm10 at 9.0pt
\font\U/msb/m/n/6=msbm7 at 6.0pt
\font\U/msb/m/n/5=msbm5
\font\OT1/cmr/bx/n/9=cmbx9
\font\OT1/cmr/bx/n/6=cmbx6
\font\OT1/cmr/bx/n/5=cmbx5
\font\OMS/cmsy/b/n/9=cmbsy9
\font\OMS/cmsy/b/n/6=cmbsy6
\font\OMS/cmsy/b/n/5=cmbsy5
\font\OT1/cmr/m/n/8=cmr8
\font\OT1/cmr/bx/it/9=cmbxti10 at 9.0pt
\font\OT1/cmr/m/it/9=cmti9
\font\OT1/cmtt/m/n/9=cmtt9
\font\OT1/cmss/m/n/9=cmss9
12282 words of font info for 45 preloaded fonts
1141 hyphenation exceptions
Hyphenation trie of length 335346 has 8249 ops out of 35111
  143 for language 79
  110 for language 78
  138 for language 77
  7 for language 76
  12 for language 75
  52 for language 74
  127 for language 73
  165 for language 72
  71 for language 71
  248 for language 70
  62 for language 69
  66 for language 68
  119 for language 66
  43 for language 65
  58 for language 64
  7 for language 63
  194 for language 62
  37 for language 61
  852 for language 60
  852 for language 59
  21 for language 58
  38 for language 57
  77 for language 56
  58 for language 55
  105 for language 54
  25 for language 53
  27 for language 52
  37 for language 51
  229 for language 50
  38 for language 49
  21 for language 48
  147 for language 36
  185 for language 35
  50 for language 34
  18 for language 33
  389 for language 32
  235 for language 31
  207 for language 30
  39 for language 29
  76 for language 28
  40 for language 27
  88 for language 26
  31 for language 25
  113 for language 22
  145 for language 21
  377 for language 20
  224 for language 19
  265 for language 18
  60 for language 17
  63 for language 16
  19 for language 15
  14 for language 14
  2 for language 13
  21 for language 12
  12 for language 11
  5 for language 10
  148 for language 7
  97 for language 6
  137 for language 5
  409 for language 4
  411 for language 3
  2 for language 1
  181 for language 0
0 words of pdfTeX memory
0 indirect objects
No pages of output.
PDF statistics:
 0 PDF objects out of 1000 (max. 8388607)
 0 named destinations out of 1000 (max. 500000)
 1 words of extra memory for PDF output out of 10000 (max. 10000000)

